HELLO FROM CRON! :)
/Users/erickcamacho/.rvm/gems/ruby-2.3.3/gems/activerecord-5.1.4/lib/active_record/connection_adapters/postgresql_adapter.rb:699:in `rescue in connect': FATAL:  role "Mod4Project-backend" does not exist (ActiveRecord::NoDatabaseError)
	from /Users/erickcamacho/.rvm/gems/ruby-2.3.3/gems/activerecord-5.1.4/lib/active_record/connection_adapters/postgresql_adapter.rb:695:in `connect'
	from /Users/erickcamacho/.rvm/gems/ruby-2.3.3/gems/activerecord-5.1.4/lib/active_record/connection_adapters/postgresql_adapter.rb:220:in `initialize'
	from /Users/erickcamacho/.rvm/gems/ruby-2.3.3/gems/activerecord-5.1.4/lib/active_record/connection_adapters/postgresql_adapter.rb:38:in `new'
	from /Users/erickcamacho/.rvm/gems/ruby-2.3.3/gems/activerecord-5.1.4/lib/active_record/connection_adapters/postgresql_adapter.rb:38:in `postgresql_connection'
	from /Users/erickcamacho/.rvm/gems/ruby-2.3.3/gems/activerecord-5.1.4/lib/active_record/connection_adapters/abstract/connection_pool.rb:759:in `new_connection'
	from /Users/erickcamacho/.rvm/gems/ruby-2.3.3/gems/activerecord-5.1.4/lib/active_record/connection_adapters/abstract/connection_pool.rb:803:in `checkout_new_connection'
	from /Users/erickcamacho/.rvm/gems/ruby-2.3.3/gems/activerecord-5.1.4/lib/active_record/connection_adapters/abstract/connection_pool.rb:782:in `try_to_checkout_new_connection'
	from /Users/erickcamacho/.rvm/gems/ruby-2.3.3/gems/activerecord-5.1.4/lib/active_record/connection_adapters/abstract/connection_pool.rb:743:in `acquire_connection'
	from /Users/erickcamacho/.rvm/gems/ruby-2.3.3/gems/activerecord-5.1.4/lib/active_record/connection_adapters/abstract/connection_pool.rb:500:in `checkout'
	from /Users/erickcamacho/.rvm/gems/ruby-2.3.3/gems/activerecord-5.1.4/lib/active_record/connection_adapters/abstract/connection_pool.rb:374:in `connection'
	from /Users/erickcamacho/.rvm/gems/ruby-2.3.3/gems/activerecord-5.1.4/lib/active_record/connection_adapters/abstract/connection_pool.rb:931:in `retrieve_connection'
	from /Users/erickcamacho/.rvm/gems/ruby-2.3.3/gems/activerecord-5.1.4/lib/active_record/connection_handling.rb:116:in `retrieve_connection'
	from /Users/erickcamacho/.rvm/gems/ruby-2.3.3/gems/activerecord-5.1.4/lib/active_record/connection_handling.rb:88:in `connection'
	from /Users/erickcamacho/.rvm/gems/ruby-2.3.3/gems/activerecord-5.1.4/lib/active_record/model_schema.rb:471:in `load_schema!'
	from /Users/erickcamacho/.rvm/gems/ruby-2.3.3/gems/activerecord-5.1.4/lib/active_record/attributes.rb:233:in `load_schema!'
	from /Users/erickcamacho/.rvm/gems/ruby-2.3.3/gems/activerecord-5.1.4/lib/active_record/attribute_decorators.rb:50:in `load_schema!'
	from /Users/erickcamacho/.rvm/gems/ruby-2.3.3/gems/activerecord-5.1.4/lib/active_record/model_schema.rb:464:in `block in load_schema'
	from /Users/erickcamacho/.rvm/rubies/ruby-2.3.3/lib/ruby/2.3.0/monitor.rb:214:in `mon_synchronize'
	from /Users/erickcamacho/.rvm/gems/ruby-2.3.3/gems/activerecord-5.1.4/lib/active_record/model_schema.rb:461:in `load_schema'
	from /Users/erickcamacho/.rvm/gems/ruby-2.3.3/gems/activerecord-5.1.4/lib/active_record/model_schema.rb:353:in `attribute_types'
	from /Users/erickcamacho/.rvm/gems/ruby-2.3.3/gems/activerecord-5.1.4/lib/active_record/attribute_methods.rb:179:in `has_attribute?'
	from /Users/erickcamacho/.rvm/gems/ruby-2.3.3/gems/activerecord-5.1.4/lib/active_record/inheritance.rb:55:in `new'
	from /Users/erickcamacho/.rvm/gems/ruby-2.3.3/gems/activerecord-5.1.4/lib/active_record/persistence.rb:33:in `create'
	from /Users/erickcamacho/Documents/FlatironSchool_103017/Module4/Mod4FinalProject/Mod4Project-Backend/app/models/league.rb:25:in `block in fetch_api'
	from /Users/erickcamacho/Documents/FlatironSchool_103017/Module4/Mod4FinalProject/Mod4Project-Backend/app/models/league.rb:23:in `each'
	from /Users/erickcamacho/Documents/FlatironSchool_103017/Module4/Mod4FinalProject/Mod4Project-Backend/app/models/league.rb:23:in `fetch_api'
	from /Users/erickcamacho/.rvm/gems/ruby-2.3.3/gems/railties-5.1.4/lib/rails/commands/runner/runner_command.rb:37:in `perform'
	from /Users/erickcamacho/.rvm/gems/ruby-2.3.3/gems/railties-5.1.4/lib/rails/commands/runner/runner_command.rb:37:in `eval'
	from /Users/erickcamacho/.rvm/gems/ruby-2.3.3/gems/railties-5.1.4/lib/rails/commands/runner/runner_command.rb:37:in `perform'
	from /Users/erickcamacho/.rvm/gems/ruby-2.3.3/gems/thor-0.20.0/lib/thor/command.rb:27:in `run'
	from /Users/erickcamacho/.rvm/gems/ruby-2.3.3/gems/thor-0.20.0/lib/thor/invocation.rb:126:in `invoke_command'
	from /Users/erickcamacho/.rvm/gems/ruby-2.3.3/gems/thor-0.20.0/lib/thor.rb:387:in `dispatch'
	from /Users/erickcamacho/.rvm/gems/ruby-2.3.3/gems/railties-5.1.4/lib/rails/command/base.rb:63:in `perform'
	from /Users/erickcamacho/.rvm/gems/ruby-2.3.3/gems/railties-5.1.4/lib/rails/command.rb:44:in `invoke'
	from /Users/erickcamacho/.rvm/gems/ruby-2.3.3/gems/railties-5.1.4/lib/rails/commands.rb:16:in `<top (required)>'
	from /Users/erickcamacho/.rvm/gems/ruby-2.3.3/gems/activesupport-5.1.4/lib/active_support/dependencies.rb:292:in `require'
	from /Users/erickcamacho/.rvm/gems/ruby-2.3.3/gems/activesupport-5.1.4/lib/active_support/dependencies.rb:292:in `block in require'
	from /Users/erickcamacho/.rvm/gems/ruby-2.3.3/gems/activesupport-5.1.4/lib/active_support/dependencies.rb:258:in `load_dependency'
	from /Users/erickcamacho/.rvm/gems/ruby-2.3.3/gems/activesupport-5.1.4/lib/active_support/dependencies.rb:292:in `require'
	from /Users/erickcamacho/Documents/FlatironSchool_103017/Module4/Mod4FinalProject/Mod4Project-Backend/bin/rails:9:in `<top (required)>'
	from /Users/erickcamacho/.rvm/rubies/ruby-2.3.3/lib/ruby/site_ruby/2.3.0/rubygems/core_ext/kernel_require.rb:55:in `require'
	from /Users/erickcamacho/.rvm/rubies/ruby-2.3.3/lib/ruby/site_ruby/2.3.0/rubygems/core_ext/kernel_require.rb:55:in `require'
	from -e:1:in `<main>'
Running via Spring preloader in process 12619
HELLO FROM CRON! :)
/Users/erickcamacho/.rvm/gems/ruby-2.3.3/gems/activerecord-5.1.4/lib/active_record/connection_adapters/postgresql_adapter.rb:699:in `rescue in connect': FATAL:  role "Mod4Project-backend" does not exist (ActiveRecord::NoDatabaseError)
	from /Users/erickcamacho/.rvm/gems/ruby-2.3.3/gems/activerecord-5.1.4/lib/active_record/connection_adapters/postgresql_adapter.rb:695:in `connect'
	from /Users/erickcamacho/.rvm/gems/ruby-2.3.3/gems/activerecord-5.1.4/lib/active_record/connection_adapters/postgresql_adapter.rb:220:in `initialize'
	from /Users/erickcamacho/.rvm/gems/ruby-2.3.3/gems/activerecord-5.1.4/lib/active_record/connection_adapters/postgresql_adapter.rb:38:in `new'
	from /Users/erickcamacho/.rvm/gems/ruby-2.3.3/gems/activerecord-5.1.4/lib/active_record/connection_adapters/postgresql_adapter.rb:38:in `postgresql_connection'
	from /Users/erickcamacho/.rvm/gems/ruby-2.3.3/gems/activerecord-5.1.4/lib/active_record/connection_adapters/abstract/connection_pool.rb:759:in `new_connection'
	from /Users/erickcamacho/.rvm/gems/ruby-2.3.3/gems/activerecord-5.1.4/lib/active_record/connection_adapters/abstract/connection_pool.rb:803:in `checkout_new_connection'
	from /Users/erickcamacho/.rvm/gems/ruby-2.3.3/gems/activerecord-5.1.4/lib/active_record/connection_adapters/abstract/connection_pool.rb:782:in `try_to_checkout_new_connection'
	from /Users/erickcamacho/.rvm/gems/ruby-2.3.3/gems/activerecord-5.1.4/lib/active_record/connection_adapters/abstract/connection_pool.rb:743:in `acquire_connection'
	from /Users/erickcamacho/.rvm/gems/ruby-2.3.3/gems/activerecord-5.1.4/lib/active_record/connection_adapters/abstract/connection_pool.rb:500:in `checkout'
	from /Users/erickcamacho/.rvm/gems/ruby-2.3.3/gems/activerecord-5.1.4/lib/active_record/connection_adapters/abstract/connection_pool.rb:374:in `connection'
	from /Users/erickcamacho/.rvm/gems/ruby-2.3.3/gems/activerecord-5.1.4/lib/active_record/connection_adapters/abstract/connection_pool.rb:931:in `retrieve_connection'
	from /Users/erickcamacho/.rvm/gems/ruby-2.3.3/gems/activerecord-5.1.4/lib/active_record/connection_handling.rb:116:in `retrieve_connection'
	from /Users/erickcamacho/.rvm/gems/ruby-2.3.3/gems/activerecord-5.1.4/lib/active_record/connection_handling.rb:88:in `connection'
	from /Users/erickcamacho/.rvm/gems/ruby-2.3.3/gems/activerecord-5.1.4/lib/active_record/model_schema.rb:471:in `load_schema!'
	from /Users/erickcamacho/.rvm/gems/ruby-2.3.3/gems/activerecord-5.1.4/lib/active_record/attributes.rb:233:in `load_schema!'
	from /Users/erickcamacho/.rvm/gems/ruby-2.3.3/gems/activerecord-5.1.4/lib/active_record/attribute_decorators.rb:50:in `load_schema!'
	from /Users/erickcamacho/.rvm/gems/ruby-2.3.3/gems/activerecord-5.1.4/lib/active_record/model_schema.rb:464:in `block in load_schema'
	from /Users/erickcamacho/.rvm/rubies/ruby-2.3.3/lib/ruby/2.3.0/monitor.rb:214:in `mon_synchronize'
	from /Users/erickcamacho/.rvm/gems/ruby-2.3.3/gems/activerecord-5.1.4/lib/active_record/model_schema.rb:461:in `load_schema'
	from /Users/erickcamacho/.rvm/gems/ruby-2.3.3/gems/activerecord-5.1.4/lib/active_record/model_schema.rb:353:in `attribute_types'
	from /Users/erickcamacho/.rvm/gems/ruby-2.3.3/gems/activerecord-5.1.4/lib/active_record/attribute_methods.rb:179:in `has_attribute?'
	from /Users/erickcamacho/.rvm/gems/ruby-2.3.3/gems/activerecord-5.1.4/lib/active_record/inheritance.rb:55:in `new'
	from /Users/erickcamacho/.rvm/gems/ruby-2.3.3/gems/activerecord-5.1.4/lib/active_record/persistence.rb:33:in `create'
	from /Users/erickcamacho/Documents/FlatironSchool_103017/Module4/Mod4FinalProject/Mod4Project-Backend/app/models/league.rb:25:in `block in fetch_api'
	from /Users/erickcamacho/Documents/FlatironSchool_103017/Module4/Mod4FinalProject/Mod4Project-Backend/app/models/league.rb:23:in `each'
	from /Users/erickcamacho/Documents/FlatironSchool_103017/Module4/Mod4FinalProject/Mod4Project-Backend/app/models/league.rb:23:in `fetch_api'
	from /Users/erickcamacho/.rvm/gems/ruby-2.3.3/gems/railties-5.1.4/lib/rails/commands/runner/runner_command.rb:37:in `perform'
	from /Users/erickcamacho/.rvm/gems/ruby-2.3.3/gems/railties-5.1.4/lib/rails/commands/runner/runner_command.rb:37:in `eval'
	from /Users/erickcamacho/.rvm/gems/ruby-2.3.3/gems/railties-5.1.4/lib/rails/commands/runner/runner_command.rb:37:in `perform'
	from /Users/erickcamacho/.rvm/gems/ruby-2.3.3/gems/thor-0.20.0/lib/thor/command.rb:27:in `run'
	from /Users/erickcamacho/.rvm/gems/ruby-2.3.3/gems/thor-0.20.0/lib/thor/invocation.rb:126:in `invoke_command'
	from /Users/erickcamacho/.rvm/gems/ruby-2.3.3/gems/thor-0.20.0/lib/thor.rb:387:in `dispatch'
	from /Users/erickcamacho/.rvm/gems/ruby-2.3.3/gems/railties-5.1.4/lib/rails/command/base.rb:63:in `perform'
	from /Users/erickcamacho/.rvm/gems/ruby-2.3.3/gems/railties-5.1.4/lib/rails/command.rb:44:in `invoke'
	from /Users/erickcamacho/.rvm/gems/ruby-2.3.3/gems/railties-5.1.4/lib/rails/commands.rb:16:in `<top (required)>'
	from /Users/erickcamacho/.rvm/gems/ruby-2.3.3/gems/activesupport-5.1.4/lib/active_support/dependencies.rb:292:in `require'
	from /Users/erickcamacho/.rvm/gems/ruby-2.3.3/gems/activesupport-5.1.4/lib/active_support/dependencies.rb:292:in `block in require'
	from /Users/erickcamacho/.rvm/gems/ruby-2.3.3/gems/activesupport-5.1.4/lib/active_support/dependencies.rb:258:in `load_dependency'
	from /Users/erickcamacho/.rvm/gems/ruby-2.3.3/gems/activesupport-5.1.4/lib/active_support/dependencies.rb:292:in `require'
	from /Users/erickcamacho/Documents/FlatironSchool_103017/Module4/Mod4FinalProject/Mod4Project-Backend/bin/rails:9:in `<top (required)>'
	from /Users/erickcamacho/.rvm/rubies/ruby-2.3.3/lib/ruby/site_ruby/2.3.0/rubygems/core_ext/kernel_require.rb:55:in `require'
	from /Users/erickcamacho/.rvm/rubies/ruby-2.3.3/lib/ruby/site_ruby/2.3.0/rubygems/core_ext/kernel_require.rb:55:in `require'
	from -e:1:in `<main>'
Running via Spring preloader in process 12893
HELLO FROM CRON! :)
/Users/erickcamacho/.rvm/gems/ruby-2.3.3/gems/pg-0.21.0/lib/pg.rb:56:in `initialize': could not connect to server: No such file or directory (PG::ConnectionBad)
	Is the server running locally and accepting
	connections on Unix domain socket "/tmp/.s.PGSQL.5432"?
	from /Users/erickcamacho/.rvm/gems/ruby-2.3.3/gems/pg-0.21.0/lib/pg.rb:56:in `new'
	from /Users/erickcamacho/.rvm/gems/ruby-2.3.3/gems/pg-0.21.0/lib/pg.rb:56:in `connect'
	from /Users/erickcamacho/.rvm/gems/ruby-2.3.3/gems/activerecord-5.1.4/lib/active_record/connection_adapters/postgresql_adapter.rb:695:in `connect'
	from /Users/erickcamacho/.rvm/gems/ruby-2.3.3/gems/activerecord-5.1.4/lib/active_record/connection_adapters/postgresql_adapter.rb:220:in `initialize'
	from /Users/erickcamacho/.rvm/gems/ruby-2.3.3/gems/activerecord-5.1.4/lib/active_record/connection_adapters/postgresql_adapter.rb:38:in `new'
	from /Users/erickcamacho/.rvm/gems/ruby-2.3.3/gems/activerecord-5.1.4/lib/active_record/connection_adapters/postgresql_adapter.rb:38:in `postgresql_connection'
	from /Users/erickcamacho/.rvm/gems/ruby-2.3.3/gems/activerecord-5.1.4/lib/active_record/connection_adapters/abstract/connection_pool.rb:759:in `new_connection'
	from /Users/erickcamacho/.rvm/gems/ruby-2.3.3/gems/activerecord-5.1.4/lib/active_record/connection_adapters/abstract/connection_pool.rb:803:in `checkout_new_connection'
	from /Users/erickcamacho/.rvm/gems/ruby-2.3.3/gems/activerecord-5.1.4/lib/active_record/connection_adapters/abstract/connection_pool.rb:782:in `try_to_checkout_new_connection'
	from /Users/erickcamacho/.rvm/gems/ruby-2.3.3/gems/activerecord-5.1.4/lib/active_record/connection_adapters/abstract/connection_pool.rb:743:in `acquire_connection'
	from /Users/erickcamacho/.rvm/gems/ruby-2.3.3/gems/activerecord-5.1.4/lib/active_record/connection_adapters/abstract/connection_pool.rb:500:in `checkout'
	from /Users/erickcamacho/.rvm/gems/ruby-2.3.3/gems/activerecord-5.1.4/lib/active_record/connection_adapters/abstract/connection_pool.rb:374:in `connection'
	from /Users/erickcamacho/.rvm/gems/ruby-2.3.3/gems/activerecord-5.1.4/lib/active_record/connection_adapters/abstract/connection_pool.rb:931:in `retrieve_connection'
	from /Users/erickcamacho/.rvm/gems/ruby-2.3.3/gems/activerecord-5.1.4/lib/active_record/connection_handling.rb:116:in `retrieve_connection'
	from /Users/erickcamacho/.rvm/gems/ruby-2.3.3/gems/activerecord-5.1.4/lib/active_record/connection_handling.rb:88:in `connection'
	from /Users/erickcamacho/.rvm/gems/ruby-2.3.3/gems/activerecord-5.1.4/lib/active_record/model_schema.rb:471:in `load_schema!'
	from /Users/erickcamacho/.rvm/gems/ruby-2.3.3/gems/activerecord-5.1.4/lib/active_record/attributes.rb:233:in `load_schema!'
	from /Users/erickcamacho/.rvm/gems/ruby-2.3.3/gems/activerecord-5.1.4/lib/active_record/attribute_decorators.rb:50:in `load_schema!'
	from /Users/erickcamacho/.rvm/gems/ruby-2.3.3/gems/activerecord-5.1.4/lib/active_record/model_schema.rb:464:in `block in load_schema'
	from /Users/erickcamacho/.rvm/rubies/ruby-2.3.3/lib/ruby/2.3.0/monitor.rb:214:in `mon_synchronize'
	from /Users/erickcamacho/.rvm/gems/ruby-2.3.3/gems/activerecord-5.1.4/lib/active_record/model_schema.rb:461:in `load_schema'
	from /Users/erickcamacho/.rvm/gems/ruby-2.3.3/gems/activerecord-5.1.4/lib/active_record/model_schema.rb:353:in `attribute_types'
	from /Users/erickcamacho/.rvm/gems/ruby-2.3.3/gems/activerecord-5.1.4/lib/active_record/attribute_methods.rb:179:in `has_attribute?'
	from /Users/erickcamacho/.rvm/gems/ruby-2.3.3/gems/activerecord-5.1.4/lib/active_record/inheritance.rb:55:in `new'
	from /Users/erickcamacho/.rvm/gems/ruby-2.3.3/gems/activerecord-5.1.4/lib/active_record/persistence.rb:33:in `create'
	from /Users/erickcamacho/Documents/FlatironSchool_103017/Module4/Mod4FinalProject/Mod4Project-Backend/app/models/league.rb:25:in `block in fetch_api'
	from /Users/erickcamacho/Documents/FlatironSchool_103017/Module4/Mod4FinalProject/Mod4Project-Backend/app/models/league.rb:23:in `each'
	from /Users/erickcamacho/Documents/FlatironSchool_103017/Module4/Mod4FinalProject/Mod4Project-Backend/app/models/league.rb:23:in `fetch_api'
	from /Users/erickcamacho/.rvm/gems/ruby-2.3.3/gems/railties-5.1.4/lib/rails/commands/runner/runner_command.rb:37:in `perform'
	from /Users/erickcamacho/.rvm/gems/ruby-2.3.3/gems/railties-5.1.4/lib/rails/commands/runner/runner_command.rb:37:in `eval'
	from /Users/erickcamacho/.rvm/gems/ruby-2.3.3/gems/railties-5.1.4/lib/rails/commands/runner/runner_command.rb:37:in `perform'
	from /Users/erickcamacho/.rvm/gems/ruby-2.3.3/gems/thor-0.20.0/lib/thor/command.rb:27:in `run'
	from /Users/erickcamacho/.rvm/gems/ruby-2.3.3/gems/thor-0.20.0/lib/thor/invocation.rb:126:in `invoke_command'
	from /Users/erickcamacho/.rvm/gems/ruby-2.3.3/gems/thor-0.20.0/lib/thor.rb:387:in `dispatch'
	from /Users/erickcamacho/.rvm/gems/ruby-2.3.3/gems/railties-5.1.4/lib/rails/command/base.rb:63:in `perform'
	from /Users/erickcamacho/.rvm/gems/ruby-2.3.3/gems/railties-5.1.4/lib/rails/command.rb:44:in `invoke'
	from /Users/erickcamacho/.rvm/gems/ruby-2.3.3/gems/railties-5.1.4/lib/rails/commands.rb:16:in `<top (required)>'
	from /Users/erickcamacho/.rvm/gems/ruby-2.3.3/gems/activesupport-5.1.4/lib/active_support/dependencies.rb:292:in `require'
	from /Users/erickcamacho/.rvm/gems/ruby-2.3.3/gems/activesupport-5.1.4/lib/active_support/dependencies.rb:292:in `block in require'
	from /Users/erickcamacho/.rvm/gems/ruby-2.3.3/gems/activesupport-5.1.4/lib/active_support/dependencies.rb:258:in `load_dependency'
	from /Users/erickcamacho/.rvm/gems/ruby-2.3.3/gems/activesupport-5.1.4/lib/active_support/dependencies.rb:292:in `require'
	from /Users/erickcamacho/Documents/FlatironSchool_103017/Module4/Mod4FinalProject/Mod4Project-Backend/bin/rails:9:in `<top (required)>'
	from /Users/erickcamacho/.rvm/rubies/ruby-2.3.3/lib/ruby/site_ruby/2.3.0/rubygems/core_ext/kernel_require.rb:55:in `require'
	from /Users/erickcamacho/.rvm/rubies/ruby-2.3.3/lib/ruby/site_ruby/2.3.0/rubygems/core_ext/kernel_require.rb:55:in `require'
	from -e:1:in `<main>'
Running via Spring preloader in process 574
HELLO FROM CRON! :)
/Users/erickcamacho/.rvm/gems/ruby-2.3.3/gems/pg-0.21.0/lib/pg.rb:56:in `initialize': could not connect to server: No such file or directory (PG::ConnectionBad)
	Is the server running locally and accepting
	connections on Unix domain socket "/tmp/.s.PGSQL.5432"?
	from /Users/erickcamacho/.rvm/gems/ruby-2.3.3/gems/pg-0.21.0/lib/pg.rb:56:in `new'
	from /Users/erickcamacho/.rvm/gems/ruby-2.3.3/gems/pg-0.21.0/lib/pg.rb:56:in `connect'
	from /Users/erickcamacho/.rvm/gems/ruby-2.3.3/gems/activerecord-5.1.4/lib/active_record/connection_adapters/postgresql_adapter.rb:695:in `connect'
	from /Users/erickcamacho/.rvm/gems/ruby-2.3.3/gems/activerecord-5.1.4/lib/active_record/connection_adapters/postgresql_adapter.rb:220:in `initialize'
	from /Users/erickcamacho/.rvm/gems/ruby-2.3.3/gems/activerecord-5.1.4/lib/active_record/connection_adapters/postgresql_adapter.rb:38:in `new'
	from /Users/erickcamacho/.rvm/gems/ruby-2.3.3/gems/activerecord-5.1.4/lib/active_record/connection_adapters/postgresql_adapter.rb:38:in `postgresql_connection'
	from /Users/erickcamacho/.rvm/gems/ruby-2.3.3/gems/activerecord-5.1.4/lib/active_record/connection_adapters/abstract/connection_pool.rb:759:in `new_connection'
	from /Users/erickcamacho/.rvm/gems/ruby-2.3.3/gems/activerecord-5.1.4/lib/active_record/connection_adapters/abstract/connection_pool.rb:803:in `checkout_new_connection'
	from /Users/erickcamacho/.rvm/gems/ruby-2.3.3/gems/activerecord-5.1.4/lib/active_record/connection_adapters/abstract/connection_pool.rb:782:in `try_to_checkout_new_connection'
	from /Users/erickcamacho/.rvm/gems/ruby-2.3.3/gems/activerecord-5.1.4/lib/active_record/connection_adapters/abstract/connection_pool.rb:743:in `acquire_connection'
	from /Users/erickcamacho/.rvm/gems/ruby-2.3.3/gems/activerecord-5.1.4/lib/active_record/connection_adapters/abstract/connection_pool.rb:500:in `checkout'
	from /Users/erickcamacho/.rvm/gems/ruby-2.3.3/gems/activerecord-5.1.4/lib/active_record/connection_adapters/abstract/connection_pool.rb:374:in `connection'
	from /Users/erickcamacho/.rvm/gems/ruby-2.3.3/gems/activerecord-5.1.4/lib/active_record/connection_adapters/abstract/connection_pool.rb:931:in `retrieve_connection'
	from /Users/erickcamacho/.rvm/gems/ruby-2.3.3/gems/activerecord-5.1.4/lib/active_record/connection_handling.rb:116:in `retrieve_connection'
	from /Users/erickcamacho/.rvm/gems/ruby-2.3.3/gems/activerecord-5.1.4/lib/active_record/connection_handling.rb:88:in `connection'
	from /Users/erickcamacho/.rvm/gems/ruby-2.3.3/gems/activerecord-5.1.4/lib/active_record/model_schema.rb:471:in `load_schema!'
	from /Users/erickcamacho/.rvm/gems/ruby-2.3.3/gems/activerecord-5.1.4/lib/active_record/attributes.rb:233:in `load_schema!'
	from /Users/erickcamacho/.rvm/gems/ruby-2.3.3/gems/activerecord-5.1.4/lib/active_record/attribute_decorators.rb:50:in `load_schema!'
	from /Users/erickcamacho/.rvm/gems/ruby-2.3.3/gems/activerecord-5.1.4/lib/active_record/model_schema.rb:464:in `block in load_schema'
	from /Users/erickcamacho/.rvm/rubies/ruby-2.3.3/lib/ruby/2.3.0/monitor.rb:214:in `mon_synchronize'
	from /Users/erickcamacho/.rvm/gems/ruby-2.3.3/gems/activerecord-5.1.4/lib/active_record/model_schema.rb:461:in `load_schema'
	from /Users/erickcamacho/.rvm/gems/ruby-2.3.3/gems/activerecord-5.1.4/lib/active_record/model_schema.rb:353:in `attribute_types'
	from /Users/erickcamacho/.rvm/gems/ruby-2.3.3/gems/activerecord-5.1.4/lib/active_record/attribute_methods.rb:179:in `has_attribute?'
	from /Users/erickcamacho/.rvm/gems/ruby-2.3.3/gems/activerecord-5.1.4/lib/active_record/inheritance.rb:55:in `new'
	from /Users/erickcamacho/.rvm/gems/ruby-2.3.3/gems/activerecord-5.1.4/lib/active_record/persistence.rb:33:in `create'
	from /Users/erickcamacho/Documents/FlatironSchool_103017/Module4/Mod4FinalProject/Mod4Project-Backend/app/models/league.rb:25:in `block in fetch_api'
	from /Users/erickcamacho/Documents/FlatironSchool_103017/Module4/Mod4FinalProject/Mod4Project-Backend/app/models/league.rb:23:in `each'
	from /Users/erickcamacho/Documents/FlatironSchool_103017/Module4/Mod4FinalProject/Mod4Project-Backend/app/models/league.rb:23:in `fetch_api'
	from /Users/erickcamacho/.rvm/gems/ruby-2.3.3/gems/railties-5.1.4/lib/rails/commands/runner/runner_command.rb:37:in `perform'
	from /Users/erickcamacho/.rvm/gems/ruby-2.3.3/gems/railties-5.1.4/lib/rails/commands/runner/runner_command.rb:37:in `eval'
	from /Users/erickcamacho/.rvm/gems/ruby-2.3.3/gems/railties-5.1.4/lib/rails/commands/runner/runner_command.rb:37:in `perform'
	from /Users/erickcamacho/.rvm/gems/ruby-2.3.3/gems/thor-0.20.0/lib/thor/command.rb:27:in `run'
	from /Users/erickcamacho/.rvm/gems/ruby-2.3.3/gems/thor-0.20.0/lib/thor/invocation.rb:126:in `invoke_command'
	from /Users/erickcamacho/.rvm/gems/ruby-2.3.3/gems/thor-0.20.0/lib/thor.rb:387:in `dispatch'
	from /Users/erickcamacho/.rvm/gems/ruby-2.3.3/gems/railties-5.1.4/lib/rails/command/base.rb:63:in `perform'
	from /Users/erickcamacho/.rvm/gems/ruby-2.3.3/gems/railties-5.1.4/lib/rails/command.rb:44:in `invoke'
	from /Users/erickcamacho/.rvm/gems/ruby-2.3.3/gems/railties-5.1.4/lib/rails/commands.rb:16:in `<top (required)>'
	from /Users/erickcamacho/.rvm/gems/ruby-2.3.3/gems/activesupport-5.1.4/lib/active_support/dependencies.rb:292:in `require'
	from /Users/erickcamacho/.rvm/gems/ruby-2.3.3/gems/activesupport-5.1.4/lib/active_support/dependencies.rb:292:in `block in require'
	from /Users/erickcamacho/.rvm/gems/ruby-2.3.3/gems/activesupport-5.1.4/lib/active_support/dependencies.rb:258:in `load_dependency'
	from /Users/erickcamacho/.rvm/gems/ruby-2.3.3/gems/activesupport-5.1.4/lib/active_support/dependencies.rb:292:in `require'
	from /Users/erickcamacho/Documents/FlatironSchool_103017/Module4/Mod4FinalProject/Mod4Project-Backend/bin/rails:9:in `<top (required)>'
	from /Users/erickcamacho/.rvm/rubies/ruby-2.3.3/lib/ruby/site_ruby/2.3.0/rubygems/core_ext/kernel_require.rb:55:in `require'
	from /Users/erickcamacho/.rvm/rubies/ruby-2.3.3/lib/ruby/site_ruby/2.3.0/rubygems/core_ext/kernel_require.rb:55:in `require'
	from -e:1:in `<main>'
Running via Spring preloader in process 979
HELLO FROM CRON! :)
/Users/erickcamacho/.rvm/gems/ruby-2.3.3/gems/activerecord-5.1.4/lib/active_record/connection_adapters/postgresql_adapter.rb:699:in `rescue in connect': FATAL:  role "Mod4Project-backend" does not exist (ActiveRecord::NoDatabaseError)
	from /Users/erickcamacho/.rvm/gems/ruby-2.3.3/gems/activerecord-5.1.4/lib/active_record/connection_adapters/postgresql_adapter.rb:695:in `connect'
	from /Users/erickcamacho/.rvm/gems/ruby-2.3.3/gems/activerecord-5.1.4/lib/active_record/connection_adapters/postgresql_adapter.rb:220:in `initialize'
	from /Users/erickcamacho/.rvm/gems/ruby-2.3.3/gems/activerecord-5.1.4/lib/active_record/connection_adapters/postgresql_adapter.rb:38:in `new'
	from /Users/erickcamacho/.rvm/gems/ruby-2.3.3/gems/activerecord-5.1.4/lib/active_record/connection_adapters/postgresql_adapter.rb:38:in `postgresql_connection'
	from /Users/erickcamacho/.rvm/gems/ruby-2.3.3/gems/activerecord-5.1.4/lib/active_record/connection_adapters/abstract/connection_pool.rb:759:in `new_connection'
	from /Users/erickcamacho/.rvm/gems/ruby-2.3.3/gems/activerecord-5.1.4/lib/active_record/connection_adapters/abstract/connection_pool.rb:803:in `checkout_new_connection'
	from /Users/erickcamacho/.rvm/gems/ruby-2.3.3/gems/activerecord-5.1.4/lib/active_record/connection_adapters/abstract/connection_pool.rb:782:in `try_to_checkout_new_connection'
	from /Users/erickcamacho/.rvm/gems/ruby-2.3.3/gems/activerecord-5.1.4/lib/active_record/connection_adapters/abstract/connection_pool.rb:743:in `acquire_connection'
	from /Users/erickcamacho/.rvm/gems/ruby-2.3.3/gems/activerecord-5.1.4/lib/active_record/connection_adapters/abstract/connection_pool.rb:500:in `checkout'
	from /Users/erickcamacho/.rvm/gems/ruby-2.3.3/gems/activerecord-5.1.4/lib/active_record/connection_adapters/abstract/connection_pool.rb:374:in `connection'
	from /Users/erickcamacho/.rvm/gems/ruby-2.3.3/gems/activerecord-5.1.4/lib/active_record/connection_adapters/abstract/connection_pool.rb:931:in `retrieve_connection'
	from /Users/erickcamacho/.rvm/gems/ruby-2.3.3/gems/activerecord-5.1.4/lib/active_record/connection_handling.rb:116:in `retrieve_connection'
	from /Users/erickcamacho/.rvm/gems/ruby-2.3.3/gems/activerecord-5.1.4/lib/active_record/connection_handling.rb:88:in `connection'
	from /Users/erickcamacho/.rvm/gems/ruby-2.3.3/gems/activerecord-5.1.4/lib/active_record/model_schema.rb:471:in `load_schema!'
	from /Users/erickcamacho/.rvm/gems/ruby-2.3.3/gems/activerecord-5.1.4/lib/active_record/attributes.rb:233:in `load_schema!'
	from /Users/erickcamacho/.rvm/gems/ruby-2.3.3/gems/activerecord-5.1.4/lib/active_record/attribute_decorators.rb:50:in `load_schema!'
	from /Users/erickcamacho/.rvm/gems/ruby-2.3.3/gems/activerecord-5.1.4/lib/active_record/model_schema.rb:464:in `block in load_schema'
	from /Users/erickcamacho/.rvm/rubies/ruby-2.3.3/lib/ruby/2.3.0/monitor.rb:214:in `mon_synchronize'
	from /Users/erickcamacho/.rvm/gems/ruby-2.3.3/gems/activerecord-5.1.4/lib/active_record/model_schema.rb:461:in `load_schema'
	from /Users/erickcamacho/.rvm/gems/ruby-2.3.3/gems/activerecord-5.1.4/lib/active_record/model_schema.rb:353:in `attribute_types'
	from /Users/erickcamacho/.rvm/gems/ruby-2.3.3/gems/activerecord-5.1.4/lib/active_record/attribute_methods.rb:179:in `has_attribute?'
	from /Users/erickcamacho/.rvm/gems/ruby-2.3.3/gems/activerecord-5.1.4/lib/active_record/inheritance.rb:55:in `new'
	from /Users/erickcamacho/.rvm/gems/ruby-2.3.3/gems/activerecord-5.1.4/lib/active_record/persistence.rb:33:in `create'
	from /Users/erickcamacho/Documents/FlatironSchool_103017/Module4/Mod4FinalProject/Mod4Project-Backend/app/models/league.rb:25:in `block in fetch_api'
	from /Users/erickcamacho/Documents/FlatironSchool_103017/Module4/Mod4FinalProject/Mod4Project-Backend/app/models/league.rb:23:in `each'
	from /Users/erickcamacho/Documents/FlatironSchool_103017/Module4/Mod4FinalProject/Mod4Project-Backend/app/models/league.rb:23:in `fetch_api'
	from /Users/erickcamacho/.rvm/gems/ruby-2.3.3/gems/railties-5.1.4/lib/rails/commands/runner/runner_command.rb:37:in `perform'
	from /Users/erickcamacho/.rvm/gems/ruby-2.3.3/gems/railties-5.1.4/lib/rails/commands/runner/runner_command.rb:37:in `eval'
	from /Users/erickcamacho/.rvm/gems/ruby-2.3.3/gems/railties-5.1.4/lib/rails/commands/runner/runner_command.rb:37:in `perform'
	from /Users/erickcamacho/.rvm/gems/ruby-2.3.3/gems/thor-0.20.0/lib/thor/command.rb:27:in `run'
	from /Users/erickcamacho/.rvm/gems/ruby-2.3.3/gems/thor-0.20.0/lib/thor/invocation.rb:126:in `invoke_command'
	from /Users/erickcamacho/.rvm/gems/ruby-2.3.3/gems/thor-0.20.0/lib/thor.rb:387:in `dispatch'
	from /Users/erickcamacho/.rvm/gems/ruby-2.3.3/gems/railties-5.1.4/lib/rails/command/base.rb:63:in `perform'
	from /Users/erickcamacho/.rvm/gems/ruby-2.3.3/gems/railties-5.1.4/lib/rails/command.rb:44:in `invoke'
	from /Users/erickcamacho/.rvm/gems/ruby-2.3.3/gems/railties-5.1.4/lib/rails/commands.rb:16:in `<top (required)>'
	from /Users/erickcamacho/.rvm/gems/ruby-2.3.3/gems/activesupport-5.1.4/lib/active_support/dependencies.rb:292:in `require'
	from /Users/erickcamacho/.rvm/gems/ruby-2.3.3/gems/activesupport-5.1.4/lib/active_support/dependencies.rb:292:in `block in require'
	from /Users/erickcamacho/.rvm/gems/ruby-2.3.3/gems/activesupport-5.1.4/lib/active_support/dependencies.rb:258:in `load_dependency'
	from /Users/erickcamacho/.rvm/gems/ruby-2.3.3/gems/activesupport-5.1.4/lib/active_support/dependencies.rb:292:in `require'
	from /Users/erickcamacho/Documents/FlatironSchool_103017/Module4/Mod4FinalProject/Mod4Project-Backend/bin/rails:9:in `<top (required)>'
	from /Users/erickcamacho/.rvm/rubies/ruby-2.3.3/lib/ruby/site_ruby/2.3.0/rubygems/core_ext/kernel_require.rb:55:in `require'
	from /Users/erickcamacho/.rvm/rubies/ruby-2.3.3/lib/ruby/site_ruby/2.3.0/rubygems/core_ext/kernel_require.rb:55:in `require'
	from -e:1:in `<main>'
Running via Spring preloader in process 1437
HELLO FROM CRON! :)
/Users/erickcamacho/.rvm/gems/ruby-2.3.3/gems/activerecord-5.1.4/lib/active_record/connection_adapters/postgresql_adapter.rb:699:in `rescue in connect': FATAL:  role "Mod4Project-backend" does not exist (ActiveRecord::NoDatabaseError)
	from /Users/erickcamacho/.rvm/gems/ruby-2.3.3/gems/activerecord-5.1.4/lib/active_record/connection_adapters/postgresql_adapter.rb:695:in `connect'
	from /Users/erickcamacho/.rvm/gems/ruby-2.3.3/gems/activerecord-5.1.4/lib/active_record/connection_adapters/postgresql_adapter.rb:220:in `initialize'
	from /Users/erickcamacho/.rvm/gems/ruby-2.3.3/gems/activerecord-5.1.4/lib/active_record/connection_adapters/postgresql_adapter.rb:38:in `new'
	from /Users/erickcamacho/.rvm/gems/ruby-2.3.3/gems/activerecord-5.1.4/lib/active_record/connection_adapters/postgresql_adapter.rb:38:in `postgresql_connection'
	from /Users/erickcamacho/.rvm/gems/ruby-2.3.3/gems/activerecord-5.1.4/lib/active_record/connection_adapters/abstract/connection_pool.rb:759:in `new_connection'
	from /Users/erickcamacho/.rvm/gems/ruby-2.3.3/gems/activerecord-5.1.4/lib/active_record/connection_adapters/abstract/connection_pool.rb:803:in `checkout_new_connection'
	from /Users/erickcamacho/.rvm/gems/ruby-2.3.3/gems/activerecord-5.1.4/lib/active_record/connection_adapters/abstract/connection_pool.rb:782:in `try_to_checkout_new_connection'
	from /Users/erickcamacho/.rvm/gems/ruby-2.3.3/gems/activerecord-5.1.4/lib/active_record/connection_adapters/abstract/connection_pool.rb:743:in `acquire_connection'
	from /Users/erickcamacho/.rvm/gems/ruby-2.3.3/gems/activerecord-5.1.4/lib/active_record/connection_adapters/abstract/connection_pool.rb:500:in `checkout'
	from /Users/erickcamacho/.rvm/gems/ruby-2.3.3/gems/activerecord-5.1.4/lib/active_record/connection_adapters/abstract/connection_pool.rb:374:in `connection'
	from /Users/erickcamacho/.rvm/gems/ruby-2.3.3/gems/activerecord-5.1.4/lib/active_record/connection_adapters/abstract/connection_pool.rb:931:in `retrieve_connection'
	from /Users/erickcamacho/.rvm/gems/ruby-2.3.3/gems/activerecord-5.1.4/lib/active_record/connection_handling.rb:116:in `retrieve_connection'
	from /Users/erickcamacho/.rvm/gems/ruby-2.3.3/gems/activerecord-5.1.4/lib/active_record/connection_handling.rb:88:in `connection'
	from /Users/erickcamacho/.rvm/gems/ruby-2.3.3/gems/activerecord-5.1.4/lib/active_record/model_schema.rb:471:in `load_schema!'
	from /Users/erickcamacho/.rvm/gems/ruby-2.3.3/gems/activerecord-5.1.4/lib/active_record/attributes.rb:233:in `load_schema!'
	from /Users/erickcamacho/.rvm/gems/ruby-2.3.3/gems/activerecord-5.1.4/lib/active_record/attribute_decorators.rb:50:in `load_schema!'
	from /Users/erickcamacho/.rvm/gems/ruby-2.3.3/gems/activerecord-5.1.4/lib/active_record/model_schema.rb:464:in `block in load_schema'
	from /Users/erickcamacho/.rvm/rubies/ruby-2.3.3/lib/ruby/2.3.0/monitor.rb:214:in `mon_synchronize'
	from /Users/erickcamacho/.rvm/gems/ruby-2.3.3/gems/activerecord-5.1.4/lib/active_record/model_schema.rb:461:in `load_schema'
	from /Users/erickcamacho/.rvm/gems/ruby-2.3.3/gems/activerecord-5.1.4/lib/active_record/model_schema.rb:353:in `attribute_types'
	from /Users/erickcamacho/.rvm/gems/ruby-2.3.3/gems/activerecord-5.1.4/lib/active_record/attribute_methods.rb:179:in `has_attribute?'
	from /Users/erickcamacho/.rvm/gems/ruby-2.3.3/gems/activerecord-5.1.4/lib/active_record/inheritance.rb:55:in `new'
	from /Users/erickcamacho/.rvm/gems/ruby-2.3.3/gems/activerecord-5.1.4/lib/active_record/persistence.rb:33:in `create'
	from /Users/erickcamacho/Documents/FlatironSchool_103017/Module4/Mod4FinalProject/Mod4Project-Backend/app/models/league.rb:25:in `block in fetch_api'
	from /Users/erickcamacho/Documents/FlatironSchool_103017/Module4/Mod4FinalProject/Mod4Project-Backend/app/models/league.rb:23:in `each'
	from /Users/erickcamacho/Documents/FlatironSchool_103017/Module4/Mod4FinalProject/Mod4Project-Backend/app/models/league.rb:23:in `fetch_api'
	from /Users/erickcamacho/.rvm/gems/ruby-2.3.3/gems/railties-5.1.4/lib/rails/commands/runner/runner_command.rb:37:in `perform'
	from /Users/erickcamacho/.rvm/gems/ruby-2.3.3/gems/railties-5.1.4/lib/rails/commands/runner/runner_command.rb:37:in `eval'
	from /Users/erickcamacho/.rvm/gems/ruby-2.3.3/gems/railties-5.1.4/lib/rails/commands/runner/runner_command.rb:37:in `perform'
	from /Users/erickcamacho/.rvm/gems/ruby-2.3.3/gems/thor-0.20.0/lib/thor/command.rb:27:in `run'
	from /Users/erickcamacho/.rvm/gems/ruby-2.3.3/gems/thor-0.20.0/lib/thor/invocation.rb:126:in `invoke_command'
	from /Users/erickcamacho/.rvm/gems/ruby-2.3.3/gems/thor-0.20.0/lib/thor.rb:387:in `dispatch'
	from /Users/erickcamacho/.rvm/gems/ruby-2.3.3/gems/railties-5.1.4/lib/rails/command/base.rb:63:in `perform'
	from /Users/erickcamacho/.rvm/gems/ruby-2.3.3/gems/railties-5.1.4/lib/rails/command.rb:44:in `invoke'
	from /Users/erickcamacho/.rvm/gems/ruby-2.3.3/gems/railties-5.1.4/lib/rails/commands.rb:16:in `<top (required)>'
	from /Users/erickcamacho/.rvm/gems/ruby-2.3.3/gems/activesupport-5.1.4/lib/active_support/dependencies.rb:292:in `require'
	from /Users/erickcamacho/.rvm/gems/ruby-2.3.3/gems/activesupport-5.1.4/lib/active_support/dependencies.rb:292:in `block in require'
	from /Users/erickcamacho/.rvm/gems/ruby-2.3.3/gems/activesupport-5.1.4/lib/active_support/dependencies.rb:258:in `load_dependency'
	from /Users/erickcamacho/.rvm/gems/ruby-2.3.3/gems/activesupport-5.1.4/lib/active_support/dependencies.rb:292:in `require'
	from /Users/erickcamacho/Documents/FlatironSchool_103017/Module4/Mod4FinalProject/Mod4Project-Backend/bin/rails:9:in `<top (required)>'
	from /Users/erickcamacho/.rvm/rubies/ruby-2.3.3/lib/ruby/site_ruby/2.3.0/rubygems/core_ext/kernel_require.rb:55:in `require'
	from /Users/erickcamacho/.rvm/rubies/ruby-2.3.3/lib/ruby/site_ruby/2.3.0/rubygems/core_ext/kernel_require.rb:55:in `require'
	from -e:1:in `<main>'
Running via Spring preloader in process 1819
HELLO FROM CRON! :)
/Users/erickcamacho/.rvm/gems/ruby-2.3.3/gems/activerecord-5.1.4/lib/active_record/connection_adapters/postgresql_adapter.rb:699:in `rescue in connect': FATAL:  role "Mod4Project-backend" does not exist (ActiveRecord::NoDatabaseError)
	from /Users/erickcamacho/.rvm/gems/ruby-2.3.3/gems/activerecord-5.1.4/lib/active_record/connection_adapters/postgresql_adapter.rb:695:in `connect'
	from /Users/erickcamacho/.rvm/gems/ruby-2.3.3/gems/activerecord-5.1.4/lib/active_record/connection_adapters/postgresql_adapter.rb:220:in `initialize'
	from /Users/erickcamacho/.rvm/gems/ruby-2.3.3/gems/activerecord-5.1.4/lib/active_record/connection_adapters/postgresql_adapter.rb:38:in `new'
	from /Users/erickcamacho/.rvm/gems/ruby-2.3.3/gems/activerecord-5.1.4/lib/active_record/connection_adapters/postgresql_adapter.rb:38:in `postgresql_connection'
	from /Users/erickcamacho/.rvm/gems/ruby-2.3.3/gems/activerecord-5.1.4/lib/active_record/connection_adapters/abstract/connection_pool.rb:759:in `new_connection'
	from /Users/erickcamacho/.rvm/gems/ruby-2.3.3/gems/activerecord-5.1.4/lib/active_record/connection_adapters/abstract/connection_pool.rb:803:in `checkout_new_connection'
	from /Users/erickcamacho/.rvm/gems/ruby-2.3.3/gems/activerecord-5.1.4/lib/active_record/connection_adapters/abstract/connection_pool.rb:782:in `try_to_checkout_new_connection'
	from /Users/erickcamacho/.rvm/gems/ruby-2.3.3/gems/activerecord-5.1.4/lib/active_record/connection_adapters/abstract/connection_pool.rb:743:in `acquire_connection'
	from /Users/erickcamacho/.rvm/gems/ruby-2.3.3/gems/activerecord-5.1.4/lib/active_record/connection_adapters/abstract/connection_pool.rb:500:in `checkout'
	from /Users/erickcamacho/.rvm/gems/ruby-2.3.3/gems/activerecord-5.1.4/lib/active_record/connection_adapters/abstract/connection_pool.rb:374:in `connection'
	from /Users/erickcamacho/.rvm/gems/ruby-2.3.3/gems/activerecord-5.1.4/lib/active_record/connection_adapters/abstract/connection_pool.rb:931:in `retrieve_connection'
	from /Users/erickcamacho/.rvm/gems/ruby-2.3.3/gems/activerecord-5.1.4/lib/active_record/connection_handling.rb:116:in `retrieve_connection'
	from /Users/erickcamacho/.rvm/gems/ruby-2.3.3/gems/activerecord-5.1.4/lib/active_record/connection_handling.rb:88:in `connection'
	from /Users/erickcamacho/.rvm/gems/ruby-2.3.3/gems/activerecord-5.1.4/lib/active_record/model_schema.rb:471:in `load_schema!'
	from /Users/erickcamacho/.rvm/gems/ruby-2.3.3/gems/activerecord-5.1.4/lib/active_record/attributes.rb:233:in `load_schema!'
	from /Users/erickcamacho/.rvm/gems/ruby-2.3.3/gems/activerecord-5.1.4/lib/active_record/attribute_decorators.rb:50:in `load_schema!'
	from /Users/erickcamacho/.rvm/gems/ruby-2.3.3/gems/activerecord-5.1.4/lib/active_record/model_schema.rb:464:in `block in load_schema'
	from /Users/erickcamacho/.rvm/rubies/ruby-2.3.3/lib/ruby/2.3.0/monitor.rb:214:in `mon_synchronize'
	from /Users/erickcamacho/.rvm/gems/ruby-2.3.3/gems/activerecord-5.1.4/lib/active_record/model_schema.rb:461:in `load_schema'
	from /Users/erickcamacho/.rvm/gems/ruby-2.3.3/gems/activerecord-5.1.4/lib/active_record/model_schema.rb:353:in `attribute_types'
	from /Users/erickcamacho/.rvm/gems/ruby-2.3.3/gems/activerecord-5.1.4/lib/active_record/attribute_methods.rb:179:in `has_attribute?'
	from /Users/erickcamacho/.rvm/gems/ruby-2.3.3/gems/activerecord-5.1.4/lib/active_record/inheritance.rb:55:in `new'
	from /Users/erickcamacho/.rvm/gems/ruby-2.3.3/gems/activerecord-5.1.4/lib/active_record/persistence.rb:33:in `create'
	from /Users/erickcamacho/Documents/FlatironSchool_103017/Module4/Mod4FinalProject/Mod4Project-Backend/app/models/league.rb:25:in `block in fetch_api'
	from /Users/erickcamacho/Documents/FlatironSchool_103017/Module4/Mod4FinalProject/Mod4Project-Backend/app/models/league.rb:23:in `each'
	from /Users/erickcamacho/Documents/FlatironSchool_103017/Module4/Mod4FinalProject/Mod4Project-Backend/app/models/league.rb:23:in `fetch_api'
	from /Users/erickcamacho/.rvm/gems/ruby-2.3.3/gems/railties-5.1.4/lib/rails/commands/runner/runner_command.rb:37:in `perform'
	from /Users/erickcamacho/.rvm/gems/ruby-2.3.3/gems/railties-5.1.4/lib/rails/commands/runner/runner_command.rb:37:in `eval'
	from /Users/erickcamacho/.rvm/gems/ruby-2.3.3/gems/railties-5.1.4/lib/rails/commands/runner/runner_command.rb:37:in `perform'
	from /Users/erickcamacho/.rvm/gems/ruby-2.3.3/gems/thor-0.20.0/lib/thor/command.rb:27:in `run'
	from /Users/erickcamacho/.rvm/gems/ruby-2.3.3/gems/thor-0.20.0/lib/thor/invocation.rb:126:in `invoke_command'
	from /Users/erickcamacho/.rvm/gems/ruby-2.3.3/gems/thor-0.20.0/lib/thor.rb:387:in `dispatch'
	from /Users/erickcamacho/.rvm/gems/ruby-2.3.3/gems/railties-5.1.4/lib/rails/command/base.rb:63:in `perform'
	from /Users/erickcamacho/.rvm/gems/ruby-2.3.3/gems/railties-5.1.4/lib/rails/command.rb:44:in `invoke'
	from /Users/erickcamacho/.rvm/gems/ruby-2.3.3/gems/railties-5.1.4/lib/rails/commands.rb:16:in `<top (required)>'
	from /Users/erickcamacho/.rvm/gems/ruby-2.3.3/gems/activesupport-5.1.4/lib/active_support/dependencies.rb:292:in `require'
	from /Users/erickcamacho/.rvm/gems/ruby-2.3.3/gems/activesupport-5.1.4/lib/active_support/dependencies.rb:292:in `block in require'
	from /Users/erickcamacho/.rvm/gems/ruby-2.3.3/gems/activesupport-5.1.4/lib/active_support/dependencies.rb:258:in `load_dependency'
	from /Users/erickcamacho/.rvm/gems/ruby-2.3.3/gems/activesupport-5.1.4/lib/active_support/dependencies.rb:292:in `require'
	from /Users/erickcamacho/Documents/FlatironSchool_103017/Module4/Mod4FinalProject/Mod4Project-Backend/bin/rails:9:in `<top (required)>'
	from /Users/erickcamacho/.rvm/rubies/ruby-2.3.3/lib/ruby/site_ruby/2.3.0/rubygems/core_ext/kernel_require.rb:55:in `require'
	from /Users/erickcamacho/.rvm/rubies/ruby-2.3.3/lib/ruby/site_ruby/2.3.0/rubygems/core_ext/kernel_require.rb:55:in `require'
	from -e:1:in `<main>'
Running via Spring preloader in process 2086
